nohup: ignoring input
Forwarding from 127.0.0.1:8080 -> 8080
Forwarding from [::1]:8080 -> 8080
Handling connection for 8080
Handling connection for 8080
E0514 12:32:22.707608  440749 portforward.go:424] "Unhandled Error" err="an error occurred forwarding 8080 -> 8080: error forwarding port 8080 to pod cf9c5d3e79a054f0b9dd00841eaa8815d60f5ead0807544847f28b5cc8191a74, uid : failed to find sandbox \"cf9c5d3e79a054f0b9dd00841eaa8815d60f5ead0807544847f28b5cc8191a74\" in store: not found"
Handling connection for 8080
Handling connection for 8080
Handling connection for 8080
Handling connection for 8080
Handling connection for 8080
E0514 12:32:54.218270  440749 portforward.go:380] "Unhandled Error" err="error creating forwarding stream for port 8080 -> 8080: Timeout occurred"
E0514 12:32:55.426277  440749 portforward.go:357] "Unhandled Error" err="error creating error stream for port 8080 -> 8080: Timeout occurred"
E0514 12:33:00.701129  440749 portforward.go:357] "Unhandled Error" err="error creating error stream for port 8080 -> 8080: Timeout occurred"
E0514 12:33:10.582093  440749 portforward.go:357] "Unhandled Error" err="error creating error stream for port 8080 -> 8080: Timeout occurred"
E0514 12:33:10.597057  440749 portforward.go:357] "Unhandled Error" err="error creating error stream for port 8080 -> 8080: Timeout occurred"
E0514 12:33:13.011355  440749 portforward.go:357] "Unhandled Error" err="error creating error stream for port 8080 -> 8080: Timeout occurred"
Handling connection for 8080
Handling connection for 8080
E0514 12:33:44.568798  440749 portforward.go:357] "Unhandled Error" err="error creating error stream for port 8080 -> 8080: Timeout occurred"
Handling connection for 8080
Handling connection for 8080
E0514 12:34:14.405116  440749 portforward.go:357] "Unhandled Error" err="error creating error stream for port 8080 -> 8080: Timeout occurred"
Handling connection for 8080
E0514 12:34:36.099774  440749 portforward.go:357] "Unhandled Error" err="error creating error stream for port 8080 -> 8080: Timeout occurred"
E0514 12:34:37.099661  440749 portforward.go:357] "Unhandled Error" err="error creating error stream for port 8080 -> 8080: Timeout occurred"
E0514 12:34:58.578599  440749 portforward.go:357] "Unhandled Error" err="error creating error stream for port 8080 -> 8080: Timeout occurred"
Handling connection for 8080
Handling connection for 8080
E0514 12:35:44.812192  440749 portforward.go:357] "Unhandled Error" err="error creating error stream for port 8080 -> 8080: Timeout occurred"
E0514 12:35:44.812203  440749 portforward.go:357] "Unhandled Error" err="error creating error stream for port 8080 -> 8080: Timeout occurred"
Handling connection for 8080
Handling connection for 8080
E0514 12:36:16.593600  440749 portforward.go:357] "Unhandled Error" err="error creating error stream for port 8080 -> 8080: Timeout occurred"
E0514 12:36:18.054660  440749 portforward.go:357] "Unhandled Error" err="error creating error stream for port 8080 -> 8080: Timeout occurred"
